<?xml version="1.0" encoding="UTF-8"?>
<!-- Generated by org.testng.reporters.JUnitReportReporter -->
<testsuite hostname="DESKTOP-69BHCVS" failures="0" tests="2" name="com.admin.ManageProductsTest" time="0.019" errors="0" timestamp="2024-01-24T11:59:11 IST" skipped="0">
  <testcase classname="com.admin.ManageProductsTest" name="sample2Test" time="0.017"/>
  <system-out/>
  <testcase classname="com.admin.ManageProductsTest" name="sample3Test" time="0.002"/>
  <system-out/>
</testsuite> <!-- com.admin.ManageProductsTest -->
