<?xml version="1.0" encoding="UTF-8"?>
<!-- Generated by org.testng.reporters.JUnitReportReporter -->
<testsuite hostname="DESKTOP-69BHCVS" failures="0" tests="1" name="com.admin.DemoTest" time="0.004" errors="0" timestamp="2024-01-24T11:59:11 IST" skipped="0">
  <testcase classname="com.admin.DemoTest" name="demo2Test" time="0.004"/>
  <system-out/>
</testsuite> <!-- com.admin.DemoTest -->
